_____________________________________________________________________

ActionScript 3.0 Export Template for StarUML

	Version: 1.0beta2
	Date:    September 10, 2008
	Author:  Trevor McCauley
	Website: http://www.senocular.com
	License: MIT; http://www.opensource.org/licenses/mit-license.php
	StarUML: http://www.staruml.com
_____________________________________________________________________

Beginning export...


Energine: No output.

system: No output.

core: No output.

Generating source code for system.core.MapSystem...
Source code for system.core.MapSystem successfully created!

Generating source code for system.core.NPCSystem...
Source code for system.core.NPCSystem successfully created!

Generating source code for system.core.TaskSystem...
Source code for system.core.TaskSystem successfully created!

interfaces: No output.

Game: No output.

Infrastructrue: No output.

physwf: No output.

infras: No output.

bitmap: No output.

ds: No output.

map: No output.

Generating source code for com.physwf.infras.map.IMap...
Source code for com.physwf.infras.map.IMap successfully created!

camera: No output.

Generating source code for com.physwf.infras.map.camera.ICamera...
WARNING: Return type not found for set target; assuming void.
WARNING: Return type not found for moveTo; assuming void.
WARNING: Return type not found for shake; assuming void.
Source code for com.physwf.infras.map.camera.ICamera successfully created!

data: No output.

Generating source code for com.physwf.infras.map.data.IMapData...
WARNING: Return type not found for initialize; assuming void.
Source code for com.physwf.infras.map.data.IMapData successfully created!

interfaces: No output.

Generating source code for com.physwf.infras.map.interfaces.IDisposible...
WARNING: Return type not found for destroy; assuming void.
Source code for com.physwf.infras.map.interfaces.IDisposible successfully created!

Generating source code for com.physwf.infras.map.interfaces.IUpdatable...
WARNING: Return type not found for update; assuming void.
Source code for com.physwf.infras.map.interfaces.IUpdatable successfully created!

layer: No output.

base: No output.

Generating source code for com.physwf.infras.map.layer.base.IBaseLayer...
WARNING: Return type not found for set x; assuming void.
WARNING: Return type not found for set y; assuming void.
Source code for com.physwf.infras.map.layer.base.IBaseLayer successfully created!

depth: No output.

Generating source code for com.physwf.infras.map.layer.depth.DepthElement...
WARNING: Return type not found for set rectTop; assuming void.
WARNING: Return type not found for set rectBottom; assuming void.
Source code for com.physwf.infras.map.layer.depth.DepthElement successfully created!

Generating source code for com.physwf.infras.map.layer.depth.IDepthLayer...
WARNING: Return type not found for updateElementDepth; assuming void.
WARNING: Return type not found for updateAllElementsDepth; assuming void.
Source code for com.physwf.infras.map.layer.depth.IDepthLayer successfully created!

transfer: No output.

Generating source code for com.physwf.infras.map.transfer.IMapTransfer...
WARNING: Return type not found for gotoMap; assuming void.
WARNING: Return type not found for transferTo; assuming void.
WARNING: Return type not found for get mapID; assuming void.
Source code for com.physwf.infras.map.transfer.IMapTransfer successfully created!

wayfinding: No output.

Generating source code for com.physwf.infras.map.wayfinding.IWayfinding...
WARNING: Return type not found for makeMapData; assuming void.
WARNING: Return type not found for set mapData; assuming void.
Source code for com.physwf.infras.map.wayfinding.IWayfinding successfully created!

astar: No output.

Generating source code for com.physwf.infras.map.wayfinding.astar.IAstar...
Source code for com.physwf.infras.map.wayfinding.astar.IAstar successfully created!

net: No output.

ui: No output.

playerglobal: No output.

flash: No output.

display: No output.

Generating source code for flash.display.DisplayObject...
Source code for flash.display.DisplayObject successfully created!

Generating source code for flash.display.Sprite...
Source code for flash.display.Sprite successfully created!

geom: No output.

Generating source code for flash.geom.Point...
Source code for flash.geom.Point successfully created!

Generating source code for flash.geom.Rectangle...
Source code for flash.geom.Rectangle successfully created!


Export complete!
